# JRE version: Java(TM) SE Runtime Environment (8.0_181-b13) (build 1.8.0_181-b13)
# Java VM: Java HotSpot(TM) 64-Bit Server VM (25.181-b13 mixed mode windows-amd64 compressed oops)
Heap:
 PSYoungGen      total 399360K, used 248803K [0x00000000d5f80000, 0x00000000f1300000, 0x0000000100000000)
  eden space 359936K, 60% used [0x00000000d5f80000,0x00000000e359bcd8,0x00000000ebf00000)
  from space 39424K, 74% used [0x00000000eec80000,0x00000000f095d248,0x00000000f1300000)
  to   space 43008K, 0% used [0x00000000ebf00000,0x00000000ebf00000,0x00000000ee900000)
 ParOldGen       total 163328K, used 78301K [0x0000000081e00000, 0x000000008bd80000, 0x00000000d5f80000)
  object space 163328K, 47% used [0x0000000081e00000,0x0000000086a775c8,0x000000008bd80000)
 Metaspace       used 86603K, capacity 88074K, committed 88192K, reserved 1126400K
  class space    used 11446K, capacity 11802K, committed 11904K, reserved 1048576K
GC Heap History (10 events):
Event: 28.362 GC heap before
{Heap before GC invocations=19 (full 3):
 PSYoungGen      total 294400K, used 16708K [0x00000000d5f80000, 0x00000000eba00000, 0x0000000100000000)
  eden space 272384K, 0% used [0x00000000d5f80000,0x00000000d5f80000,0x00000000e6980000)
  from space 22016K, 75% used [0x00000000e8000000,0x00000000e9051068,0x00000000e9580000)
  to   space 23040K, 0% used [0x00000000e6980000,0x00000000e6980000,0x00000000e8000000)
 ParOldGen       total 125440K, used 36648K [0x0000000081e00000, 0x0000000089880000, 0x00000000d5f80000)
  object space 125440K, 29% used [0x0000000081e00000,0x00000000841ca068,0x0000000089880000)
 Metaspace       used 57938K, capacity 58882K, committed 59160K, reserved 1101824K
  class space    used 7278K, capacity 7532K, committed 7552K, reserved 1048576K
Event: 28.730 GC heap after
Heap after GC invocations=19 (full 3):
 PSYoungGen      total 294400K, used 0K [0x00000000d5f80000, 0x00000000eba00000, 0x0000000100000000)
  eden space 272384K, 0% used [0x00000000d5f80000,0x00000000d5f80000,0x00000000e6980000)
  from space 22016K, 0% used [0x00000000e8000000,0x00000000e8000000,0x00000000e9580000)
  to   space 23040K, 0% used [0x00000000e6980000,0x00000000e6980000,0x00000000e8000000)
 ParOldGen       total 163328K, used 48082K [0x0000000081e00000, 0x000000008bd80000, 0x00000000d5f80000)
  object space 163328K, 29% used [0x0000000081e00000,0x0000000084cf48f8,0x000000008bd80000)
 Metaspace       used 57938K, capacity 58882K, committed 59160K, reserved 1101824K
  class space    used 7278K, capacity 7532K, committed 7552K, reserved 1048576K
}
Event: 32.419 GC heap before
{Heap before GC invocations=20 (full 3):
 PSYoungGen      total 294400K, used 272384K [0x00000000d5f80000, 0x00000000eba00000, 0x0000000100000000)
  eden space 272384K, 100% used [0x00000000d5f80000,0x00000000e6980000,0x00000000e6980000)
  from space 22016K, 0% used [0x00000000e8000000,0x00000000e8000000,0x00000000e9580000)
  to   space 23040K, 0% used [0x00000000e6980000,0x00000000e6980000,0x00000000e8000000)
 ParOldGen       total 163328K, used 48082K [0x0000000081e00000, 0x000000008bd80000, 0x00000000d5f80000)
  object space 163328K, 29% used [0x0000000081e00000,0x0000000084cf48f8,0x000000008bd80000)
 Metaspace       used 71591K, capacity 72604K, committed 73216K, reserved 1112064K
  class space    used 9680K, capacity 9955K, committed 9984K, reserved 1048576K
Event: 32.444 GC heap after
Heap after GC invocations=20 (full 3):
 PSYoungGen      total 295424K, used 22553K [0x00000000d5f80000, 0x00000000ece80000, 0x0000000100000000)
  eden space 272384K, 0% used [0x00000000d5f80000,0x00000000d5f80000,0x00000000e6980000)
  from space 23040K, 97% used [0x00000000e6980000,0x00000000e7f86620,0x00000000e8000000)
  to   space 25600K, 0% used [0x00000000eb580000,0x00000000eb580000,0x00000000ece80000)
 ParOldGen       total 163328K, used 48090K [0x0000000081e00000, 0x000000008bd80000, 0x00000000d5f80000)
  object space 163328K, 29% used [0x0000000081e00000,0x0000000084cf68f8,0x000000008bd80000)
 Metaspace       used 71591K, capacity 72604K, committed 73216K, reserved 1112064K
  class space    used 9680K, capacity 9955K, committed 9984K, reserved 1048576K
}
Event: 39.115 GC heap before
{Heap before GC invocations=21 (full 3):
 PSYoungGen      total 295424K, used 294937K [0x00000000d5f80000, 0x00000000ece80000, 0x0000000100000000)
  eden space 272384K, 100% used [0x00000000d5f80000,0x00000000e6980000,0x00000000e6980000)
  from space 23040K, 97% used [0x00000000e6980000,0x00000000e7f86620,0x00000000e8000000)
  to   space 25600K, 0% used [0x00000000eb580000,0x00000000eb580000,0x00000000ece80000)
 ParOldGen       total 163328K, used 48090K [0x0000000081e00000, 0x000000008bd80000, 0x00000000d5f80000)
  object space 163328K, 29% used [0x0000000081e00000,0x0000000084cf68f8,0x000000008bd80000)
 Metaspace       used 77791K, capacity 78992K, committed 79360K, reserved 1118208K
  class space    used 10359K, capacity 10643K, committed 10752K, reserved 1048576K
Event: 39.173 GC heap after
Heap after GC invocations=21 (full 3):
 PSYoungGen      total 340992K, used 25592K [0x00000000d5f80000, 0x00000000edc80000, 0x0000000100000000)
  eden space 315392K, 0% used [0x00000000d5f80000,0x00000000d5f80000,0x00000000e9380000)
  from space 25600K, 99% used [0x00000000eb580000,0x00000000ece7e060,0x00000000ece80000)
  to   space 34816K, 0% used [0x00000000e9380000,0x00000000e9380000,0x00000000eb580000)
 ParOldGen       total 163328K, used 63703K [0x0000000081e00000, 0x000000008bd80000, 0x00000000d5f80000)
  object space 163328K, 39% used [0x0000000081e00000,0x0000000085c35ed8,0x000000008bd80000)
 Metaspace       used 77791K, capacity 78992K, committed 79360K, reserved 1118208K
  class space    used 10359K, capacity 10643K, committed 10752K, reserved 1048576K
}
Event: 46.098 GC heap before
{Heap before GC invocations=22 (full 3):
 PSYoungGen      total 340992K, used 340984K [0x00000000d5f80000, 0x00000000edc80000, 0x0000000100000000)
  eden space 315392K, 100% used [0x00000000d5f80000,0x00000000e9380000,0x00000000e9380000)
  from space 25600K, 99% used [0x00000000eb580000,0x00000000ece7e060,0x00000000ece80000)
  to   space 34816K, 0% used [0x00000000e9380000,0x00000000e9380000,0x00000000eb580000)
 ParOldGen       total 163328K, used 63703K [0x0000000081e00000, 0x000000008bd80000, 0x00000000d5f80000)
  object space 163328K, 39% used [0x0000000081e00000,0x0000000085c35ed8,0x000000008bd80000)
 Metaspace       used 82168K, capacity 83504K, committed 83712K, reserved 1122304K
  class space    used 10871K, capacity 11175K, committed 11264K, reserved 1048576K
Event: 46.145 GC heap after
Heap after GC invocations=22 (full 3):
 PSYoungGen      total 350208K, used 34795K [0x00000000d5f80000, 0x00000000f1480000, 0x0000000100000000)
  eden space 315392K, 0% used [0x00000000d5f80000,0x00000000d5f80000,0x00000000e9380000)
  from space 34816K, 99% used [0x00000000e9380000,0x00000000eb57afa0,0x00000000eb580000)
  to   space 40960K, 0% used [0x00000000eec80000,0x00000000eec80000,0x00000000f1480000)
 ParOldGen       total 163328K, used 66403K [0x0000000081e00000, 0x000000008bd80000, 0x00000000d5f80000)
  object space 163328K, 40% used [0x0000000081e00000,0x0000000085ed8c68,0x000000008bd80000)
 Metaspace       used 82168K, capacity 83504K, committed 83712K, reserved 1122304K
  class space    used 10871K, capacity 11175K, committed 11264K, reserved 1048576K
}
Event: 56.456 GC heap before
{Heap before GC invocations=23 (full 3):
 PSYoungGen      total 350208K, used 350187K [0x00000000d5f80000, 0x00000000f1480000, 0x0000000100000000)
  eden space 315392K, 100% used [0x00000000d5f80000,0x00000000e9380000,0x00000000e9380000)
  from space 34816K, 99% used [0x00000000e9380000,0x00000000eb57afa0,0x00000000eb580000)
  to   space 40960K, 0% used [0x00000000eec80000,0x00000000eec80000,0x00000000f1480000)
 ParOldGen       total 163328K, used 66403K [0x0000000081e00000, 0x000000008bd80000, 0x00000000d5f80000)
  object space 163328K, 40% used [0x0000000081e00000,0x0000000085ed8c68,0x000000008bd80000)
 Metaspace       used 83296K, capacity 84692K, committed 84864K, reserved 1122304K
  class space    used 11031K, capacity 11373K, committed 11392K, reserved 1048576K
Event: 56.506 GC heap after
Heap after GC invocations=23 (full 3):
 PSYoungGen      total 399360K, used 29556K [0x00000000d5f80000, 0x00000000f1300000, 0x0000000100000000)
  eden space 359936K, 0% used [0x00000000d5f80000,0x00000000d5f80000,0x00000000ebf00000)
  from space 39424K, 74% used [0x00000000eec80000,0x00000000f095d248,0x00000000f1300000)
  to   space 43008K, 0% used [0x00000000ebf00000,0x00000000ebf00000,0x00000000ee900000)
 ParOldGen       total 163328K, used 78301K [0x0000000081e00000, 0x000000008bd80000, 0x00000000d5f80000)
  object space 163328K, 47% used [0x0000000081e00000,0x0000000086a775c8,0x000000008bd80000)
 Metaspace       used 83296K, capacity 84692K, committed 84864K, reserved 1122304K
  class space    used 11031K, capacity 11373K, committed 11392K, reserved 1048576K
}

